<?xml version="1.0" encoding="UTF-8"?>
<testsuite xmlns:xsi="http://www.w3.org/2001/XMLSchema-instance" xsi:noNamespaceSchemaLocation="https://maven.apache.org/surefire/maven-surefire-plugin/xsd/surefire-test-report.xsd" name="com.openclassrooms.api.ApiApplicationTests" time="2.652" tests="1" errors="0" skipped="0" failures="0">
  <properties>
    <property name="gopherProxySet" value="false"/>
    <property name="awt.toolkit" value="sun.lwawt.macosx.LWCToolkit"/>
    <property name="file.encoding.pkg" value="sun.io"/>
    <property name="java.specification.version" value="1.8"/>
    <property name="sun.cpu.isalist" value=""/>
    <property name="sun.jnu.encoding" value="UTF-8"/>
    <property name="java.class.path" value="/Users/kyrian.aniecole/Documents/OC_P3/api testings/target/test-classes:/Users/kyrian.aniecole/Documents/OC_P3/api testings/target/classes:/Users/kyrian.aniecole/.m2/repository/software/amazon/awssdk/s3/2.20.43/s3-2.20.43.jar:/Users/kyrian.aniecole/.m2/repository/software/amazon/awssdk/aws-xml-protocol/2.20.43/aws-xml-protocol-2.20.43.jar:/Users/kyrian.aniecole/.m2/repository/software/amazon/awssdk/aws-query-protocol/2.20.43/aws-query-protocol-2.20.43.jar:/Users/kyrian.aniecole/.m2/repository/software/amazon/awssdk/protocol-core/2.20.43/protocol-core-2.20.43.jar:/Users/kyrian.aniecole/.m2/repository/software/amazon/awssdk/arns/2.20.43/arns-2.20.43.jar:/Users/kyrian.aniecole/.m2/repository/software/amazon/awssdk/profiles/2.20.43/profiles-2.20.43.jar:/Users/kyrian.aniecole/.m2/repository/software/amazon/awssdk/crt-core/2.20.43/crt-core-2.20.43.jar:/Users/kyrian.aniecole/.m2/repository/software/amazon/awssdk/sdk-core/2.20.43/sdk-core-2.20.43.jar:/Users/kyrian.aniecole/.m2/repository/org/slf4j/slf4j-api/1.7.28/slf4j-api-1.7.28.jar:/Users/kyrian.aniecole/.m2/repository/org/reactivestreams/reactive-streams/1.0.4/reactive-streams-1.0.4.jar:/Users/kyrian.aniecole/.m2/repository/software/amazon/awssdk/auth/2.20.43/auth-2.20.43.jar:/Users/kyrian.aniecole/.m2/repository/software/amazon/eventstream/eventstream/1.0.1/eventstream-1.0.1.jar:/Users/kyrian.aniecole/.m2/repository/software/amazon/awssdk/http-client-spi/2.20.43/http-client-spi-2.20.43.jar:/Users/kyrian.aniecole/.m2/repository/software/amazon/awssdk/regions/2.20.43/regions-2.20.43.jar:/Users/kyrian.aniecole/.m2/repository/software/amazon/awssdk/annotations/2.20.43/annotations-2.20.43.jar:/Users/kyrian.aniecole/.m2/repository/software/amazon/awssdk/utils/2.20.43/utils-2.20.43.jar:/Users/kyrian.aniecole/.m2/repository/software/amazon/awssdk/aws-core/2.20.43/aws-core-2.20.43.jar:/Users/kyrian.aniecole/.m2/repository/software/amazon/awssdk/metrics-spi/2.20.43/metrics-spi-2.20.43.jar:/Users/kyrian.aniecole/.m2/repository/software/amazon/awssdk/json-utils/2.20.43/json-utils-2.20.43.jar:/Users/kyrian.aniecole/.m2/repository/software/amazon/awssdk/third-party-jackson-core/2.20.43/third-party-jackson-core-2.20.43.jar:/Users/kyrian.aniecole/.m2/repository/software/amazon/awssdk/endpoints-spi/2.20.43/endpoints-spi-2.20.43.jar:/Users/kyrian.aniecole/.m2/repository/software/amazon/awssdk/apache-client/2.20.43/apache-client-2.20.43.jar:/Users/kyrian.aniecole/.m2/repository/org/apache/httpcomponents/httpcore/4.4.16/httpcore-4.4.16.jar:/Users/kyrian.aniecole/.m2/repository/software/amazon/awssdk/netty-nio-client/2.20.43/netty-nio-client-2.20.43.jar:/Users/kyrian.aniecole/.m2/repository/io/netty/netty-codec-http/4.1.100.Final/netty-codec-http-4.1.100.Final.jar:/Users/kyrian.aniecole/.m2/repository/io/netty/netty-codec-http2/4.1.100.Final/netty-codec-http2-4.1.100.Final.jar:/Users/kyrian.aniecole/.m2/repository/io/netty/netty-codec/4.1.100.Final/netty-codec-4.1.100.Final.jar:/Users/kyrian.aniecole/.m2/repository/io/netty/netty-transport/4.1.100.Final/netty-transport-4.1.100.Final.jar:/Users/kyrian.aniecole/.m2/repository/io/netty/netty-resolver/4.1.100.Final/netty-resolver-4.1.100.Final.jar:/Users/kyrian.aniecole/.m2/repository/io/netty/netty-common/4.1.100.Final/netty-common-4.1.100.Final.jar:/Users/kyrian.aniecole/.m2/repository/io/netty/netty-buffer/4.1.100.Final/netty-buffer-4.1.100.Final.jar:/Users/kyrian.aniecole/.m2/repository/io/netty/netty-handler/4.1.100.Final/netty-handler-4.1.100.Final.jar:/Users/kyrian.aniecole/.m2/repository/io/netty/netty-transport-native-unix-common/4.1.100.Final/netty-transport-native-unix-common-4.1.100.Final.jar:/Users/kyrian.aniecole/.m2/repository/io/netty/netty-transport-classes-epoll/4.1.100.Final/netty-transport-classes-epoll-4.1.100.Final.jar:/Users/kyrian.aniecole/.m2/repository/org/modelmapper/modelmapper/3.2.0/modelmapper-3.2.0.jar:/Users/kyrian.aniecole/.m2/repository/org/mapstruct/mapstruct/1.5.5.Final/mapstruct-1.5.5.Final.jar:/Users/kyrian.aniecole/.m2/repository/com/fasterxml/jackson/core/jackson-databind/2.13.5/jackson-databind-2.13.5.jar:/Users/kyrian.aniecole/.m2/repository/com/fasterxml/jackson/core/jackson-annotations/2.13.5/jackson-annotations-2.13.5.jar:/Users/kyrian.aniecole/.m2/repository/com/fasterxml/jackson/core/jackson-core/2.13.5/jackson-core-2.13.5.jar:/Users/kyrian.aniecole/.m2/repository/org/springframework/boot/spring-boot-starter-oauth2-resource-server/2.7.17/spring-boot-starter-oauth2-resource-server-2.7.17.jar:/Users/kyrian.aniecole/.m2/repository/org/springframework/boot/spring-boot-starter/2.7.17/spring-boot-starter-2.7.17.jar:/Users/kyrian.aniecole/.m2/repository/org/springframework/boot/spring-boot/2.7.17/spring-boot-2.7.17.jar:/Users/kyrian.aniecole/.m2/repository/org/springframework/boot/spring-boot-autoconfigure/2.7.17/spring-boot-autoconfigure-2.7.17.jar:/Users/kyrian.aniecole/.m2/repository/org/springframework/boot/spring-boot-starter-logging/2.7.17/spring-boot-starter-logging-2.7.17.jar:/Users/kyrian.aniecole/.m2/repository/ch/qos/logback/logback-classic/1.2.12/logback-classic-1.2.12.jar:/Users/kyrian.aniecole/.m2/repository/ch/qos/logback/logback-core/1.2.12/logback-core-1.2.12.jar:/Users/kyrian.aniecole/.m2/repository/org/apache/logging/log4j/log4j-to-slf4j/2.17.2/log4j-to-slf4j-2.17.2.jar:/Users/kyrian.aniecole/.m2/repository/org/apache/logging/log4j/log4j-api/2.17.2/log4j-api-2.17.2.jar:/Users/kyrian.aniecole/.m2/repository/org/slf4j/jul-to-slf4j/1.7.28/jul-to-slf4j-1.7.28.jar:/Users/kyrian.aniecole/.m2/repository/jakarta/annotation/jakarta.annotation-api/1.3.5/jakarta.annotation-api-1.3.5.jar:/Users/kyrian.aniecole/.m2/repository/org/yaml/snakeyaml/1.30/snakeyaml-1.30.jar:/Users/kyrian.aniecole/.m2/repository/org/springframework/security/spring-security-config/5.7.11/spring-security-config-5.7.11.jar:/Users/kyrian.aniecole/.m2/repository/org/springframework/spring-aop/5.3.30/spring-aop-5.3.30.jar:/Users/kyrian.aniecole/.m2/repository/org/springframework/spring-beans/5.3.30/spring-beans-5.3.30.jar:/Users/kyrian.aniecole/.m2/repository/org/springframework/spring-context/5.3.30/spring-context-5.3.30.jar:/Users/kyrian.aniecole/.m2/repository/org/springframework/security/spring-security-core/5.7.11/spring-security-core-5.7.11.jar:/Users/kyrian.aniecole/.m2/repository/org/springframework/security/spring-security-crypto/5.7.11/spring-security-crypto-5.7.11.jar:/Users/kyrian.aniecole/.m2/repository/org/springframework/spring-expression/5.3.30/spring-expression-5.3.30.jar:/Users/kyrian.aniecole/.m2/repository/org/springframework/security/spring-security-oauth2-resource-server/5.7.11/spring-security-oauth2-resource-server-5.7.11.jar:/Users/kyrian.aniecole/.m2/repository/org/springframework/security/spring-security-oauth2-core/5.7.11/spring-security-oauth2-core-5.7.11.jar:/Users/kyrian.aniecole/.m2/repository/org/springframework/security/spring-security-web/5.7.11/spring-security-web-5.7.11.jar:/Users/kyrian.aniecole/.m2/repository/org/springframework/security/spring-security-oauth2-jose/5.7.11/spring-security-oauth2-jose-5.7.11.jar:/Users/kyrian.aniecole/.m2/repository/com/nimbusds/nimbus-jose-jwt/9.22/nimbus-jose-jwt-9.22.jar:/Users/kyrian.aniecole/.m2/repository/com/github/stephenc/jcip/jcip-annotations/1.0-1/jcip-annotations-1.0-1.jar:/Users/kyrian.aniecole/.m2/repository/org/springframework/boot/spring-boot-starter-web/2.7.17/spring-boot-starter-web-2.7.17.jar:/Users/kyrian.aniecole/.m2/repository/org/springframework/boot/spring-boot-starter-json/2.7.17/spring-boot-starter-json-2.7.17.jar:/Users/kyrian.aniecole/.m2/repository/com/fasterxml/jackson/datatype/jackson-datatype-jdk8/2.13.5/jackson-datatype-jdk8-2.13.5.jar:/Users/kyrian.aniecole/.m2/repository/com/fasterxml/jackson/datatype/jackson-datatype-jsr310/2.13.5/jackson-datatype-jsr310-2.13.5.jar:/Users/kyrian.aniecole/.m2/repository/com/fasterxml/jackson/module/jackson-module-parameter-names/2.13.5/jackson-module-parameter-names-2.13.5.jar:/Users/kyrian.aniecole/.m2/repository/org/springframework/boot/spring-boot-starter-tomcat/2.7.17/spring-boot-starter-tomcat-2.7.17.jar:/Users/kyrian.aniecole/.m2/repository/org/apache/tomcat/embed/tomcat-embed-core/9.0.82/tomcat-embed-core-9.0.82.jar:/Users/kyrian.aniecole/.m2/repository/org/apache/tomcat/embed/tomcat-embed-el/9.0.82/tomcat-embed-el-9.0.82.jar:/Users/kyrian.aniecole/.m2/repository/org/apache/tomcat/embed/tomcat-embed-websocket/9.0.82/tomcat-embed-websocket-9.0.82.jar:/Users/kyrian.aniecole/.m2/repository/org/springframework/spring-web/5.3.30/spring-web-5.3.30.jar:/Users/kyrian.aniecole/.m2/repository/org/springframework/spring-webmvc/5.3.30/spring-webmvc-5.3.30.jar:/Users/kyrian.aniecole/.m2/repository/org/projectlombok/lombok/1.18.30/lombok-1.18.30.jar:/Users/kyrian.aniecole/.m2/repository/org/springframework/boot/spring-boot-starter-test/2.7.17/spring-boot-starter-test-2.7.17.jar:/Users/kyrian.aniecole/.m2/repository/org/springframework/boot/spring-boot-test/2.7.17/spring-boot-test-2.7.17.jar:/Users/kyrian.aniecole/.m2/repository/org/springframework/boot/spring-boot-test-autoconfigure/2.7.17/spring-boot-test-autoconfigure-2.7.17.jar:/Users/kyrian.aniecole/.m2/repository/com/jayway/jsonpath/json-path/2.7.0/json-path-2.7.0.jar:/Users/kyrian.aniecole/.m2/repository/net/minidev/json-smart/2.4.11/json-smart-2.4.11.jar:/Users/kyrian.aniecole/.m2/repository/net/minidev/accessors-smart/2.4.11/accessors-smart-2.4.11.jar:/Users/kyrian.aniecole/.m2/repository/org/ow2/asm/asm/9.3/asm-9.3.jar:/Users/kyrian.aniecole/.m2/repository/jakarta/xml/bind/jakarta.xml.bind-api/2.3.3/jakarta.xml.bind-api-2.3.3.jar:/Users/kyrian.aniecole/.m2/repository/jakarta/activation/jakarta.activation-api/1.2.2/jakarta.activation-api-1.2.2.jar:/Users/kyrian.aniecole/.m2/repository/org/assertj/assertj-core/3.22.0/assertj-core-3.22.0.jar:/Users/kyrian.aniecole/.m2/repository/org/hamcrest/hamcrest/2.2/hamcrest-2.2.jar:/Users/kyrian.aniecole/.m2/repository/org/junit/jupiter/junit-jupiter/5.8.2/junit-jupiter-5.8.2.jar:/Users/kyrian.aniecole/.m2/repository/org/junit/jupiter/junit-jupiter-api/5.8.2/junit-jupiter-api-5.8.2.jar:/Users/kyrian.aniecole/.m2/repository/org/opentest4j/opentest4j/1.2.0/opentest4j-1.2.0.jar:/Users/kyrian.aniecole/.m2/repository/org/junit/platform/junit-platform-commons/1.8.2/junit-platform-commons-1.8.2.jar:/Users/kyrian.aniecole/.m2/repository/org/apiguardian/apiguardian-api/1.1.2/apiguardian-api-1.1.2.jar:/Users/kyrian.aniecole/.m2/repository/org/junit/jupiter/junit-jupiter-params/5.8.2/junit-jupiter-params-5.8.2.jar:/Users/kyrian.aniecole/.m2/repository/org/junit/jupiter/junit-jupiter-engine/5.8.2/junit-jupiter-engine-5.8.2.jar:/Users/kyrian.aniecole/.m2/repository/org/junit/platform/junit-platform-engine/1.8.2/junit-platform-engine-1.8.2.jar:/Users/kyrian.aniecole/.m2/repository/org/mockito/mockito-core/4.5.1/mockito-core-4.5.1.jar:/Users/kyrian.aniecole/.m2/repository/net/bytebuddy/byte-buddy/1.12.23/byte-buddy-1.12.23.jar:/Users/kyrian.aniecole/.m2/repository/net/bytebuddy/byte-buddy-agent/1.12.23/byte-buddy-agent-1.12.23.jar:/Users/kyrian.aniecole/.m2/repository/org/objenesis/objenesis/3.2/objenesis-3.2.jar:/Users/kyrian.aniecole/.m2/repository/org/mockito/mockito-junit-jupiter/4.5.1/mockito-junit-jupiter-4.5.1.jar:/Users/kyrian.aniecole/.m2/repository/org/skyscreamer/jsonassert/1.5.1/jsonassert-1.5.1.jar:/Users/kyrian.aniecole/.m2/repository/com/vaadin/external/google/android-json/0.0.20131108.vaadin1/android-json-0.0.20131108.vaadin1.jar:/Users/kyrian.aniecole/.m2/repository/org/springframework/spring-core/5.3.30/spring-core-5.3.30.jar:/Users/kyrian.aniecole/.m2/repository/org/springframework/spring-jcl/5.3.30/spring-jcl-5.3.30.jar:/Users/kyrian.aniecole/.m2/repository/org/springframework/spring-test/5.3.30/spring-test-5.3.30.jar:/Users/kyrian.aniecole/.m2/repository/org/xmlunit/xmlunit-core/2.9.1/xmlunit-core-2.9.1.jar:/Users/kyrian.aniecole/.m2/repository/org/springframework/boot/spring-boot-starter-data-jpa/2.7.17/spring-boot-starter-data-jpa-2.7.17.jar:/Users/kyrian.aniecole/.m2/repository/org/springframework/boot/spring-boot-starter-aop/2.7.17/spring-boot-starter-aop-2.7.17.jar:/Users/kyrian.aniecole/.m2/repository/org/aspectj/aspectjweaver/1.9.7/aspectjweaver-1.9.7.jar:/Users/kyrian.aniecole/.m2/repository/org/springframework/boot/spring-boot-starter-jdbc/2.7.17/spring-boot-starter-jdbc-2.7.17.jar:/Users/kyrian.aniecole/.m2/repository/com/zaxxer/HikariCP/4.0.3/HikariCP-4.0.3.jar:/Users/kyrian.aniecole/.m2/repository/org/springframework/spring-jdbc/5.3.30/spring-jdbc-5.3.30.jar:/Users/kyrian.aniecole/.m2/repository/jakarta/transaction/jakarta.transaction-api/1.3.3/jakarta.transaction-api-1.3.3.jar:/Users/kyrian.aniecole/.m2/repository/jakarta/persistence/jakarta.persistence-api/2.2.3/jakarta.persistence-api-2.2.3.jar:/Users/kyrian.aniecole/.m2/repository/org/hibernate/hibernate-core/5.6.15.Final/hibernate-core-5.6.15.Final.jar:/Users/kyrian.aniecole/.m2/repository/org/jboss/logging/jboss-logging/3.4.3.Final/jboss-logging-3.4.3.Final.jar:/Users/kyrian.aniecole/.m2/repository/antlr/antlr/2.7.7/antlr-2.7.7.jar:/Users/kyrian.aniecole/.m2/repository/org/jboss/jandex/2.4.2.Final/jandex-2.4.2.Final.jar:/Users/kyrian.aniecole/.m2/repository/com/fasterxml/classmate/1.5.1/classmate-1.5.1.jar:/Users/kyrian.aniecole/.m2/repository/org/hibernate/common/hibernate-commons-annotations/5.1.2.Final/hibernate-commons-annotations-5.1.2.Final.jar:/Users/kyrian.aniecole/.m2/repository/org/glassfish/jaxb/jaxb-runtime/2.3.8/jaxb-runtime-2.3.8.jar:/Users/kyrian.aniecole/.m2/repository/org/glassfish/jaxb/txw2/2.3.8/txw2-2.3.8.jar:/Users/kyrian.aniecole/.m2/repository/com/sun/istack/istack-commons-runtime/3.0.12/istack-commons-runtime-3.0.12.jar:/Users/kyrian.aniecole/.m2/repository/com/sun/activation/jakarta.activation/1.2.2/jakarta.activation-1.2.2.jar:/Users/kyrian.aniecole/.m2/repository/org/springframework/data/spring-data-jpa/2.7.17/spring-data-jpa-2.7.17.jar:/Users/kyrian.aniecole/.m2/repository/org/springframework/data/spring-data-commons/2.7.17/spring-data-commons-2.7.17.jar:/Users/kyrian.aniecole/.m2/repository/org/springframework/spring-orm/5.3.30/spring-orm-5.3.30.jar:/Users/kyrian.aniecole/.m2/repository/org/springframework/spring-tx/5.3.30/spring-tx-5.3.30.jar:/Users/kyrian.aniecole/.m2/repository/org/springframework/spring-aspects/5.3.30/spring-aspects-5.3.30.jar:/Users/kyrian.aniecole/.m2/repository/com/mysql/mysql-connector-j/8.0.33/mysql-connector-j-8.0.33.jar:/Users/kyrian.aniecole/.m2/repository/com/amazonaws/aws-java-sdk-core/1.12.395/aws-java-sdk-core-1.12.395.jar:/Users/kyrian.aniecole/.m2/repository/commons-logging/commons-logging/1.1.3/commons-logging-1.1.3.jar:/Users/kyrian.aniecole/.m2/repository/commons-codec/commons-codec/1.15/commons-codec-1.15.jar:/Users/kyrian.aniecole/.m2/repository/org/apache/httpcomponents/httpclient/4.5.14/httpclient-4.5.14.jar:/Users/kyrian.aniecole/.m2/repository/software/amazon/ion/ion-java/1.0.2/ion-java-1.0.2.jar:/Users/kyrian.aniecole/.m2/repository/com/fasterxml/jackson/dataformat/jackson-dataformat-cbor/2.13.5/jackson-dataformat-cbor-2.13.5.jar:/Users/kyrian.aniecole/.m2/repository/joda-time/joda-time/2.8.1/joda-time-2.8.1.jar:/Users/kyrian.aniecole/.m2/repository/com/amazonaws/aws-java-sdk-s3/1.12.395/aws-java-sdk-s3-1.12.395.jar:/Users/kyrian.aniecole/.m2/repository/com/amazonaws/aws-java-sdk-kms/1.12.395/aws-java-sdk-kms-1.12.395.jar:/Users/kyrian.aniecole/.m2/repository/com/amazonaws/jmespath-java/1.12.395/jmespath-java-1.12.395.jar:"/>
    <property name="java.vm.vendor" value="Amazon.com Inc."/>
    <property name="sun.arch.data.model" value="64"/>
    <property name="java.vendor.url" value="https://aws.amazon.com/corretto/"/>
    <property name="user.timezone" value=""/>
    <property name="java.vm.specification.version" value="1.8"/>
    <property name="os.name" value="Mac OS X"/>
    <property name="user.country" value="FR"/>
    <property name="sun.java.launcher" value="SUN_STANDARD"/>
    <property name="sun.boot.library.path" value="/Users/kyrian.aniecole/Library/Java/JavaVirtualMachines/corretto-1.8.0_392/Contents/Home/jre/lib"/>
    <property name="sun.java.command" value="/Users/kyrian.aniecole/Documents/OC_P3/api testings/target/surefire/surefirebooter8796808080674485082.jar /Users/kyrian.aniecole/Documents/OC_P3/api testings/target/surefire 2024-01-01T22-40-12_288-jvmRun1 surefire5506891357665988987tmp surefire_02484855419590974952tmp"/>
    <property name="surefire.test.class.path" value="/Users/kyrian.aniecole/Documents/OC_P3/api testings/target/test-classes:/Users/kyrian.aniecole/Documents/OC_P3/api testings/target/classes:/Users/kyrian.aniecole/.m2/repository/software/amazon/awssdk/s3/2.20.43/s3-2.20.43.jar:/Users/kyrian.aniecole/.m2/repository/software/amazon/awssdk/aws-xml-protocol/2.20.43/aws-xml-protocol-2.20.43.jar:/Users/kyrian.aniecole/.m2/repository/software/amazon/awssdk/aws-query-protocol/2.20.43/aws-query-protocol-2.20.43.jar:/Users/kyrian.aniecole/.m2/repository/software/amazon/awssdk/protocol-core/2.20.43/protocol-core-2.20.43.jar:/Users/kyrian.aniecole/.m2/repository/software/amazon/awssdk/arns/2.20.43/arns-2.20.43.jar:/Users/kyrian.aniecole/.m2/repository/software/amazon/awssdk/profiles/2.20.43/profiles-2.20.43.jar:/Users/kyrian.aniecole/.m2/repository/software/amazon/awssdk/crt-core/2.20.43/crt-core-2.20.43.jar:/Users/kyrian.aniecole/.m2/repository/software/amazon/awssdk/sdk-core/2.20.43/sdk-core-2.20.43.jar:/Users/kyrian.aniecole/.m2/repository/org/slf4j/slf4j-api/1.7.28/slf4j-api-1.7.28.jar:/Users/kyrian.aniecole/.m2/repository/org/reactivestreams/reactive-streams/1.0.4/reactive-streams-1.0.4.jar:/Users/kyrian.aniecole/.m2/repository/software/amazon/awssdk/auth/2.20.43/auth-2.20.43.jar:/Users/kyrian.aniecole/.m2/repository/software/amazon/eventstream/eventstream/1.0.1/eventstream-1.0.1.jar:/Users/kyrian.aniecole/.m2/repository/software/amazon/awssdk/http-client-spi/2.20.43/http-client-spi-2.20.43.jar:/Users/kyrian.aniecole/.m2/repository/software/amazon/awssdk/regions/2.20.43/regions-2.20.43.jar:/Users/kyrian.aniecole/.m2/repository/software/amazon/awssdk/annotations/2.20.43/annotations-2.20.43.jar:/Users/kyrian.aniecole/.m2/repository/software/amazon/awssdk/utils/2.20.43/utils-2.20.43.jar:/Users/kyrian.aniecole/.m2/repository/software/amazon/awssdk/aws-core/2.20.43/aws-core-2.20.43.jar:/Users/kyrian.aniecole/.m2/repository/software/amazon/awssdk/metrics-spi/2.20.43/metrics-spi-2.20.43.jar:/Users/kyrian.aniecole/.m2/repository/software/amazon/awssdk/json-utils/2.20.43/json-utils-2.20.43.jar:/Users/kyrian.aniecole/.m2/repository/software/amazon/awssdk/third-party-jackson-core/2.20.43/third-party-jackson-core-2.20.43.jar:/Users/kyrian.aniecole/.m2/repository/software/amazon/awssdk/endpoints-spi/2.20.43/endpoints-spi-2.20.43.jar:/Users/kyrian.aniecole/.m2/repository/software/amazon/awssdk/apache-client/2.20.43/apache-client-2.20.43.jar:/Users/kyrian.aniecole/.m2/repository/org/apache/httpcomponents/httpcore/4.4.16/httpcore-4.4.16.jar:/Users/kyrian.aniecole/.m2/repository/software/amazon/awssdk/netty-nio-client/2.20.43/netty-nio-client-2.20.43.jar:/Users/kyrian.aniecole/.m2/repository/io/netty/netty-codec-http/4.1.100.Final/netty-codec-http-4.1.100.Final.jar:/Users/kyrian.aniecole/.m2/repository/io/netty/netty-codec-http2/4.1.100.Final/netty-codec-http2-4.1.100.Final.jar:/Users/kyrian.aniecole/.m2/repository/io/netty/netty-codec/4.1.100.Final/netty-codec-4.1.100.Final.jar:/Users/kyrian.aniecole/.m2/repository/io/netty/netty-transport/4.1.100.Final/netty-transport-4.1.100.Final.jar:/Users/kyrian.aniecole/.m2/repository/io/netty/netty-resolver/4.1.100.Final/netty-resolver-4.1.100.Final.jar:/Users/kyrian.aniecole/.m2/repository/io/netty/netty-common/4.1.100.Final/netty-common-4.1.100.Final.jar:/Users/kyrian.aniecole/.m2/repository/io/netty/netty-buffer/4.1.100.Final/netty-buffer-4.1.100.Final.jar:/Users/kyrian.aniecole/.m2/repository/io/netty/netty-handler/4.1.100.Final/netty-handler-4.1.100.Final.jar:/Users/kyrian.aniecole/.m2/repository/io/netty/netty-transport-native-unix-common/4.1.100.Final/netty-transport-native-unix-common-4.1.100.Final.jar:/Users/kyrian.aniecole/.m2/repository/io/netty/netty-transport-classes-epoll/4.1.100.Final/netty-transport-classes-epoll-4.1.100.Final.jar:/Users/kyrian.aniecole/.m2/repository/org/modelmapper/modelmapper/3.2.0/modelmapper-3.2.0.jar:/Users/kyrian.aniecole/.m2/repository/org/mapstruct/mapstruct/1.5.5.Final/mapstruct-1.5.5.Final.jar:/Users/kyrian.aniecole/.m2/repository/com/fasterxml/jackson/core/jackson-databind/2.13.5/jackson-databind-2.13.5.jar:/Users/kyrian.aniecole/.m2/repository/com/fasterxml/jackson/core/jackson-annotations/2.13.5/jackson-annotations-2.13.5.jar:/Users/kyrian.aniecole/.m2/repository/com/fasterxml/jackson/core/jackson-core/2.13.5/jackson-core-2.13.5.jar:/Users/kyrian.aniecole/.m2/repository/org/springframework/boot/spring-boot-starter-oauth2-resource-server/2.7.17/spring-boot-starter-oauth2-resource-server-2.7.17.jar:/Users/kyrian.aniecole/.m2/repository/org/springframework/boot/spring-boot-starter/2.7.17/spring-boot-starter-2.7.17.jar:/Users/kyrian.aniecole/.m2/repository/org/springframework/boot/spring-boot/2.7.17/spring-boot-2.7.17.jar:/Users/kyrian.aniecole/.m2/repository/org/springframework/boot/spring-boot-autoconfigure/2.7.17/spring-boot-autoconfigure-2.7.17.jar:/Users/kyrian.aniecole/.m2/repository/org/springframework/boot/spring-boot-starter-logging/2.7.17/spring-boot-starter-logging-2.7.17.jar:/Users/kyrian.aniecole/.m2/repository/ch/qos/logback/logback-classic/1.2.12/logback-classic-1.2.12.jar:/Users/kyrian.aniecole/.m2/repository/ch/qos/logback/logback-core/1.2.12/logback-core-1.2.12.jar:/Users/kyrian.aniecole/.m2/repository/org/apache/logging/log4j/log4j-to-slf4j/2.17.2/log4j-to-slf4j-2.17.2.jar:/Users/kyrian.aniecole/.m2/repository/org/apache/logging/log4j/log4j-api/2.17.2/log4j-api-2.17.2.jar:/Users/kyrian.aniecole/.m2/repository/org/slf4j/jul-to-slf4j/1.7.28/jul-to-slf4j-1.7.28.jar:/Users/kyrian.aniecole/.m2/repository/jakarta/annotation/jakarta.annotation-api/1.3.5/jakarta.annotation-api-1.3.5.jar:/Users/kyrian.aniecole/.m2/repository/org/yaml/snakeyaml/1.30/snakeyaml-1.30.jar:/Users/kyrian.aniecole/.m2/repository/org/springframework/security/spring-security-config/5.7.11/spring-security-config-5.7.11.jar:/Users/kyrian.aniecole/.m2/repository/org/springframework/spring-aop/5.3.30/spring-aop-5.3.30.jar:/Users/kyrian.aniecole/.m2/repository/org/springframework/spring-beans/5.3.30/spring-beans-5.3.30.jar:/Users/kyrian.aniecole/.m2/repository/org/springframework/spring-context/5.3.30/spring-context-5.3.30.jar:/Users/kyrian.aniecole/.m2/repository/org/springframework/security/spring-security-core/5.7.11/spring-security-core-5.7.11.jar:/Users/kyrian.aniecole/.m2/repository/org/springframework/security/spring-security-crypto/5.7.11/spring-security-crypto-5.7.11.jar:/Users/kyrian.aniecole/.m2/repository/org/springframework/spring-expression/5.3.30/spring-expression-5.3.30.jar:/Users/kyrian.aniecole/.m2/repository/org/springframework/security/spring-security-oauth2-resource-server/5.7.11/spring-security-oauth2-resource-server-5.7.11.jar:/Users/kyrian.aniecole/.m2/repository/org/springframework/security/spring-security-oauth2-core/5.7.11/spring-security-oauth2-core-5.7.11.jar:/Users/kyrian.aniecole/.m2/repository/org/springframework/security/spring-security-web/5.7.11/spring-security-web-5.7.11.jar:/Users/kyrian.aniecole/.m2/repository/org/springframework/security/spring-security-oauth2-jose/5.7.11/spring-security-oauth2-jose-5.7.11.jar:/Users/kyrian.aniecole/.m2/repository/com/nimbusds/nimbus-jose-jwt/9.22/nimbus-jose-jwt-9.22.jar:/Users/kyrian.aniecole/.m2/repository/com/github/stephenc/jcip/jcip-annotations/1.0-1/jcip-annotations-1.0-1.jar:/Users/kyrian.aniecole/.m2/repository/org/springframework/boot/spring-boot-starter-web/2.7.17/spring-boot-starter-web-2.7.17.jar:/Users/kyrian.aniecole/.m2/repository/org/springframework/boot/spring-boot-starter-json/2.7.17/spring-boot-starter-json-2.7.17.jar:/Users/kyrian.aniecole/.m2/repository/com/fasterxml/jackson/datatype/jackson-datatype-jdk8/2.13.5/jackson-datatype-jdk8-2.13.5.jar:/Users/kyrian.aniecole/.m2/repository/com/fasterxml/jackson/datatype/jackson-datatype-jsr310/2.13.5/jackson-datatype-jsr310-2.13.5.jar:/Users/kyrian.aniecole/.m2/repository/com/fasterxml/jackson/module/jackson-module-parameter-names/2.13.5/jackson-module-parameter-names-2.13.5.jar:/Users/kyrian.aniecole/.m2/repository/org/springframework/boot/spring-boot-starter-tomcat/2.7.17/spring-boot-starter-tomcat-2.7.17.jar:/Users/kyrian.aniecole/.m2/repository/org/apache/tomcat/embed/tomcat-embed-core/9.0.82/tomcat-embed-core-9.0.82.jar:/Users/kyrian.aniecole/.m2/repository/org/apache/tomcat/embed/tomcat-embed-el/9.0.82/tomcat-embed-el-9.0.82.jar:/Users/kyrian.aniecole/.m2/repository/org/apache/tomcat/embed/tomcat-embed-websocket/9.0.82/tomcat-embed-websocket-9.0.82.jar:/Users/kyrian.aniecole/.m2/repository/org/springframework/spring-web/5.3.30/spring-web-5.3.30.jar:/Users/kyrian.aniecole/.m2/repository/org/springframework/spring-webmvc/5.3.30/spring-webmvc-5.3.30.jar:/Users/kyrian.aniecole/.m2/repository/org/projectlombok/lombok/1.18.30/lombok-1.18.30.jar:/Users/kyrian.aniecole/.m2/repository/org/springframework/boot/spring-boot-starter-test/2.7.17/spring-boot-starter-test-2.7.17.jar:/Users/kyrian.aniecole/.m2/repository/org/springframework/boot/spring-boot-test/2.7.17/spring-boot-test-2.7.17.jar:/Users/kyrian.aniecole/.m2/repository/org/springframework/boot/spring-boot-test-autoconfigure/2.7.17/spring-boot-test-autoconfigure-2.7.17.jar:/Users/kyrian.aniecole/.m2/repository/com/jayway/jsonpath/json-path/2.7.0/json-path-2.7.0.jar:/Users/kyrian.aniecole/.m2/repository/net/minidev/json-smart/2.4.11/json-smart-2.4.11.jar:/Users/kyrian.aniecole/.m2/repository/net/minidev/accessors-smart/2.4.11/accessors-smart-2.4.11.jar:/Users/kyrian.aniecole/.m2/repository/org/ow2/asm/asm/9.3/asm-9.3.jar:/Users/kyrian.aniecole/.m2/repository/jakarta/xml/bind/jakarta.xml.bind-api/2.3.3/jakarta.xml.bind-api-2.3.3.jar:/Users/kyrian.aniecole/.m2/repository/jakarta/activation/jakarta.activation-api/1.2.2/jakarta.activation-api-1.2.2.jar:/Users/kyrian.aniecole/.m2/repository/org/assertj/assertj-core/3.22.0/assertj-core-3.22.0.jar:/Users/kyrian.aniecole/.m2/repository/org/hamcrest/hamcrest/2.2/hamcrest-2.2.jar:/Users/kyrian.aniecole/.m2/repository/org/junit/jupiter/junit-jupiter/5.8.2/junit-jupiter-5.8.2.jar:/Users/kyrian.aniecole/.m2/repository/org/junit/jupiter/junit-jupiter-api/5.8.2/junit-jupiter-api-5.8.2.jar:/Users/kyrian.aniecole/.m2/repository/org/opentest4j/opentest4j/1.2.0/opentest4j-1.2.0.jar:/Users/kyrian.aniecole/.m2/repository/org/junit/platform/junit-platform-commons/1.8.2/junit-platform-commons-1.8.2.jar:/Users/kyrian.aniecole/.m2/repository/org/apiguardian/apiguardian-api/1.1.2/apiguardian-api-1.1.2.jar:/Users/kyrian.aniecole/.m2/repository/org/junit/jupiter/junit-jupiter-params/5.8.2/junit-jupiter-params-5.8.2.jar:/Users/kyrian.aniecole/.m2/repository/org/junit/jupiter/junit-jupiter-engine/5.8.2/junit-jupiter-engine-5.8.2.jar:/Users/kyrian.aniecole/.m2/repository/org/junit/platform/junit-platform-engine/1.8.2/junit-platform-engine-1.8.2.jar:/Users/kyrian.aniecole/.m2/repository/org/mockito/mockito-core/4.5.1/mockito-core-4.5.1.jar:/Users/kyrian.aniecole/.m2/repository/net/bytebuddy/byte-buddy/1.12.23/byte-buddy-1.12.23.jar:/Users/kyrian.aniecole/.m2/repository/net/bytebuddy/byte-buddy-agent/1.12.23/byte-buddy-agent-1.12.23.jar:/Users/kyrian.aniecole/.m2/repository/org/objenesis/objenesis/3.2/objenesis-3.2.jar:/Users/kyrian.aniecole/.m2/repository/org/mockito/mockito-junit-jupiter/4.5.1/mockito-junit-jupiter-4.5.1.jar:/Users/kyrian.aniecole/.m2/repository/org/skyscreamer/jsonassert/1.5.1/jsonassert-1.5.1.jar:/Users/kyrian.aniecole/.m2/repository/com/vaadin/external/google/android-json/0.0.20131108.vaadin1/android-json-0.0.20131108.vaadin1.jar:/Users/kyrian.aniecole/.m2/repository/org/springframework/spring-core/5.3.30/spring-core-5.3.30.jar:/Users/kyrian.aniecole/.m2/repository/org/springframework/spring-jcl/5.3.30/spring-jcl-5.3.30.jar:/Users/kyrian.aniecole/.m2/repository/org/springframework/spring-test/5.3.30/spring-test-5.3.30.jar:/Users/kyrian.aniecole/.m2/repository/org/xmlunit/xmlunit-core/2.9.1/xmlunit-core-2.9.1.jar:/Users/kyrian.aniecole/.m2/repository/org/springframework/boot/spring-boot-starter-data-jpa/2.7.17/spring-boot-starter-data-jpa-2.7.17.jar:/Users/kyrian.aniecole/.m2/repository/org/springframework/boot/spring-boot-starter-aop/2.7.17/spring-boot-starter-aop-2.7.17.jar:/Users/kyrian.aniecole/.m2/repository/org/aspectj/aspectjweaver/1.9.7/aspectjweaver-1.9.7.jar:/Users/kyrian.aniecole/.m2/repository/org/springframework/boot/spring-boot-starter-jdbc/2.7.17/spring-boot-starter-jdbc-2.7.17.jar:/Users/kyrian.aniecole/.m2/repository/com/zaxxer/HikariCP/4.0.3/HikariCP-4.0.3.jar:/Users/kyrian.aniecole/.m2/repository/org/springframework/spring-jdbc/5.3.30/spring-jdbc-5.3.30.jar:/Users/kyrian.aniecole/.m2/repository/jakarta/transaction/jakarta.transaction-api/1.3.3/jakarta.transaction-api-1.3.3.jar:/Users/kyrian.aniecole/.m2/repository/jakarta/persistence/jakarta.persistence-api/2.2.3/jakarta.persistence-api-2.2.3.jar:/Users/kyrian.aniecole/.m2/repository/org/hibernate/hibernate-core/5.6.15.Final/hibernate-core-5.6.15.Final.jar:/Users/kyrian.aniecole/.m2/repository/org/jboss/logging/jboss-logging/3.4.3.Final/jboss-logging-3.4.3.Final.jar:/Users/kyrian.aniecole/.m2/repository/antlr/antlr/2.7.7/antlr-2.7.7.jar:/Users/kyrian.aniecole/.m2/repository/org/jboss/jandex/2.4.2.Final/jandex-2.4.2.Final.jar:/Users/kyrian.aniecole/.m2/repository/com/fasterxml/classmate/1.5.1/classmate-1.5.1.jar:/Users/kyrian.aniecole/.m2/repository/org/hibernate/common/hibernate-commons-annotations/5.1.2.Final/hibernate-commons-annotations-5.1.2.Final.jar:/Users/kyrian.aniecole/.m2/repository/org/glassfish/jaxb/jaxb-runtime/2.3.8/jaxb-runtime-2.3.8.jar:/Users/kyrian.aniecole/.m2/repository/org/glassfish/jaxb/txw2/2.3.8/txw2-2.3.8.jar:/Users/kyrian.aniecole/.m2/repository/com/sun/istack/istack-commons-runtime/3.0.12/istack-commons-runtime-3.0.12.jar:/Users/kyrian.aniecole/.m2/repository/com/sun/activation/jakarta.activation/1.2.2/jakarta.activation-1.2.2.jar:/Users/kyrian.aniecole/.m2/repository/org/springframework/data/spring-data-jpa/2.7.17/spring-data-jpa-2.7.17.jar:/Users/kyrian.aniecole/.m2/repository/org/springframework/data/spring-data-commons/2.7.17/spring-data-commons-2.7.17.jar:/Users/kyrian.aniecole/.m2/repository/org/springframework/spring-orm/5.3.30/spring-orm-5.3.30.jar:/Users/kyrian.aniecole/.m2/repository/org/springframework/spring-tx/5.3.30/spring-tx-5.3.30.jar:/Users/kyrian.aniecole/.m2/repository/org/springframework/spring-aspects/5.3.30/spring-aspects-5.3.30.jar:/Users/kyrian.aniecole/.m2/repository/com/mysql/mysql-connector-j/8.0.33/mysql-connector-j-8.0.33.jar:/Users/kyrian.aniecole/.m2/repository/com/amazonaws/aws-java-sdk-core/1.12.395/aws-java-sdk-core-1.12.395.jar:/Users/kyrian.aniecole/.m2/repository/commons-logging/commons-logging/1.1.3/commons-logging-1.1.3.jar:/Users/kyrian.aniecole/.m2/repository/commons-codec/commons-codec/1.15/commons-codec-1.15.jar:/Users/kyrian.aniecole/.m2/repository/org/apache/httpcomponents/httpclient/4.5.14/httpclient-4.5.14.jar:/Users/kyrian.aniecole/.m2/repository/software/amazon/ion/ion-java/1.0.2/ion-java-1.0.2.jar:/Users/kyrian.aniecole/.m2/repository/com/fasterxml/jackson/dataformat/jackson-dataformat-cbor/2.13.5/jackson-dataformat-cbor-2.13.5.jar:/Users/kyrian.aniecole/.m2/repository/joda-time/joda-time/2.8.1/joda-time-2.8.1.jar:/Users/kyrian.aniecole/.m2/repository/com/amazonaws/aws-java-sdk-s3/1.12.395/aws-java-sdk-s3-1.12.395.jar:/Users/kyrian.aniecole/.m2/repository/com/amazonaws/aws-java-sdk-kms/1.12.395/aws-java-sdk-kms-1.12.395.jar:/Users/kyrian.aniecole/.m2/repository/com/amazonaws/jmespath-java/1.12.395/jmespath-java-1.12.395.jar:"/>
    <property name="sun.cpu.endian" value="little"/>
    <property name="user.home" value="/Users/kyrian.aniecole"/>
    <property name="user.language" value="en"/>
    <property name="java.specification.vendor" value="Oracle Corporation"/>
    <property name="java.home" value="/Users/kyrian.aniecole/Library/Java/JavaVirtualMachines/corretto-1.8.0_392/Contents/Home/jre"/>
    <property name="basedir" value="/Users/kyrian.aniecole/Documents/OC_P3/api testings"/>
    <property name="file.separator" value="/"/>
    <property name="line.separator" value="&#10;"/>
    <property name="java.vm.specification.vendor" value="Oracle Corporation"/>
    <property name="java.specification.name" value="Java Platform API Specification"/>
    <property name="java.awt.graphicsenv" value="sun.awt.CGraphicsEnvironment"/>
    <property name="surefire.real.class.path" value="/Users/kyrian.aniecole/Documents/OC_P3/api testings/target/surefire/surefirebooter8796808080674485082.jar"/>
    <property name="sun.boot.class.path" value="/Users/kyrian.aniecole/Library/Java/JavaVirtualMachines/corretto-1.8.0_392/Contents/Home/jre/lib/resources.jar:/Users/kyrian.aniecole/Library/Java/JavaVirtualMachines/corretto-1.8.0_392/Contents/Home/jre/lib/rt.jar:/Users/kyrian.aniecole/Library/Java/JavaVirtualMachines/corretto-1.8.0_392/Contents/Home/jre/lib/sunrsasign.jar:/Users/kyrian.aniecole/Library/Java/JavaVirtualMachines/corretto-1.8.0_392/Contents/Home/jre/lib/jsse.jar:/Users/kyrian.aniecole/Library/Java/JavaVirtualMachines/corretto-1.8.0_392/Contents/Home/jre/lib/jce.jar:/Users/kyrian.aniecole/Library/Java/JavaVirtualMachines/corretto-1.8.0_392/Contents/Home/jre/lib/charsets.jar:/Users/kyrian.aniecole/Library/Java/JavaVirtualMachines/corretto-1.8.0_392/Contents/Home/jre/lib/jfr.jar:/Users/kyrian.aniecole/Library/Java/JavaVirtualMachines/corretto-1.8.0_392/Contents/Home/jre/classes"/>
    <property name="sun.management.compiler" value="HotSpot 64-Bit Tiered Compilers"/>
    <property name="java.runtime.version" value="1.8.0_392-b08"/>
    <property name="user.name" value="kyrian.aniecole"/>
    <property name="path.separator" value=":"/>
    <property name="os.version" value="13.6"/>
    <property name="java.endorsed.dirs" value="/Users/kyrian.aniecole/Library/Java/JavaVirtualMachines/corretto-1.8.0_392/Contents/Home/jre/lib/endorsed"/>
    <property name="java.runtime.name" value="OpenJDK Runtime Environment"/>
    <property name="file.encoding" value="UTF-8"/>
    <property name="java.vm.name" value="OpenJDK 64-Bit Server VM"/>
    <property name="localRepository" value="/Users/kyrian.aniecole/.m2/repository"/>
    <property name="java.vendor.url.bug" value="https://github.com/corretto/corretto-8/issues/"/>
    <property name="java.io.tmpdir" value="/var/folders/cb/7v7nczbd5439rnh3sdmph1740000gq/T/"/>
    <property name="idea.version" value="2023.2.1"/>
    <property name="java.version" value="1.8.0_392"/>
    <property name="user.dir" value="/Users/kyrian.aniecole/Documents/OC_P3/api testings"/>
    <property name="os.arch" value="aarch64"/>
    <property name="java.vm.specification.name" value="Java Virtual Machine Specification"/>
    <property name="java.awt.printerjob" value="sun.lwawt.macosx.CPrinterJob"/>
    <property name="sun.os.patch.level" value="unknown"/>
    <property name="java.library.path" value="/Users/kyrian.aniecole/Library/Java/Extensions:/Library/Java/Extensions:/Network/Library/Java/Extensions:/System/Library/Java/Extensions:/usr/lib/java:."/>
    <property name="java.vm.info" value="mixed mode"/>
    <property name="java.vendor" value="Amazon.com Inc."/>
    <property name="java.vm.version" value="25.392-b08"/>
    <property name="java.specification.maintenance.version" value="5"/>
    <property name="java.ext.dirs" value="/Users/kyrian.aniecole/Library/Java/Extensions:/Users/kyrian.aniecole/Library/Java/JavaVirtualMachines/corretto-1.8.0_392/Contents/Home/jre/lib/ext:/Library/Java/Extensions:/Network/Library/Java/Extensions:/System/Library/Java/Extensions:/usr/lib/java"/>
    <property name="sun.io.unicode.encoding" value="UnicodeBig"/>
    <property name="java.class.version" value="52.0"/>
  </properties>
  <testcase name="contextLoads" classname="com.openclassrooms.api.ApiApplicationTests" time="0.031"/>
</testsuite>